#
# A fatal error has been detected by the Java Runtime Environment:
#
#  EXCEPTION_ACCESS_VIOLATION (0xc0000005) at pc=0x00007ffdb56dcef9, pid=14816, tid=16064
#
# JRE version:  (11.0.2+9) (build )
# Java VM: Java HotSpot(TM) 64-Bit Server VM (11.0.2+9-LTS, mixed mode, aot, tiered, compressed oops, g1 gc, windows-amd64)
# Problematic frame:
# C  [vcruntime140.dll+0xcef9]
#
# No core dump will be written. Minidumps are not enabled by default on client versions of Windows
#
# If you would like to submit a bug report, please visit:
#   http://bugreport.java.com/bugreport/crash.jsp
#

---------------  S U M M A R Y ------------

Command Line: C:\Users\User\Documents\NetBeansProjects\FinalProject\dist\FinalProject.jar

Host: Intel(R) Core(TM) i5-8250U CPU @ 1.60GHz, 8 cores, 3G,  Windows 10 , 64 bit Build 10240 (10.0.10240.17113)
Time: Sun Feb  9 12:03:49 2020 Pakistan Standard Time elapsed time: 4 seconds (0d 0h 0m 4s)

---------------  T H R E A D  ---------------

Current thread (0x0000006bedbbc000):  JavaThread "Unknown thread" [_thread_in_vm, id=16064, stack(0x0000006bedab0000,0x0000006bedbb0000)]

Stack: [0x0000006bedab0000,0x0000006bedbb0000],  sp=0x0000006bedbaf508,  free space=1021k
Native frames: (J=compiled Java code, j=interpreted, Vv=VM code, C=native code)
C  [vcruntime140.dll+0xcef9]
V  [jvm.dll+0x621eb9]
V  [jvm.dll+0x76f238]
V  [jvm.dll+0x76e704]
V  [jvm.dll+0x5dd055]
V  [jvm.dll+0x5ddf52]
V  [jvm.dll+0x74df73]
V  [jvm.dll+0x373179]
V  [jvm.dll+0x732eb9]
V  [jvm.dll+0x3e295d]
V  [jvm.dll+0x3e4c61]
C  [javaw.exe+0x3617]
C  [javaw.exe+0x17e2c]
C  [KERNEL32.DLL+0x12d92]
C  [ntdll.dll+0x9f64]


siginfo: EXCEPTION_ACCESS_VIOLATION (0xc0000005), writing address 0x0000000000000000


Registers:
RAX=0x0000000000000000, RBX=0x0000006bedc60fc0, RCX=0x0000000000020000, RDX=0x0000000000000000
RSP=0x0000006bedbaf508, RBP=0x0000000000000001, RSI=0x0000006bedc60fc0, RDI=0x0000000000000000
R8 =0x0000000000020000, R9 =0x0000000000000000, R10=0x11d238497e0f1155, R11=0x0000000000000000
R12=0x0000000100000000, R13=0x00007ffd86d106a0, R14=0x0000000000000000, R15=0x0000000000000000
RIP=0x00007ffdb56dcef9, EFLAGS=0x0000000000010203

Top of Stack: (sp=0x0000006bedbaf508)
0x0000006bedbaf508:   00007ffd86d51eb9 0000000000000001
0x0000006bedbaf518:   0000006bedc60fc0 0000006bedc60fc0
0x0000006bedbaf528:   0000000000000000 0000006bedbbcd50
0x0000006bedbaf538:   00007ffd86e9f238 0000006bedbbcd50
0x0000006bedbaf548:   0000006bedbbcd50 0000000000000000
0x0000006bedbaf558:   0000000000000000 0000000100000000
0x0000006bedbaf568:   0000000040000000 0000000000000000
0x0000006bedbaf578:   0000000000010000 ffffffff00000000
0x0000006bedbaf588:   0000006bedbaf800 0000006bebf1d800
0x0000006bedbaf598:   00007ffd86e9e704 0000006bedbaf670
0x0000006bedbaf5a8:   0000006bedbbcd50 0000006bedc606c0
0x0000006bedbaf5b8:   0000000000000000 0000006bebe39778
0x0000006bedbaf5c8:   00007ffd86d0d055 0000000000000000
0x0000006bedbaf5d8:   0000006bedbaf6d0 0000000000000000
0x0000006bedbaf5e8:   0000000100000000 0000000100000000
0x0000006bedbaf5f8:   0000000000000005 0000000000000002 

Instructions: (pc=0x00007ffdb56dcef9)
0x00007ffdb56dced9:   f8 80 00 00 00 77 30 0f ba 25 38 53 00 00 02 0f
0x00007ffdb56dcee9:   83 82 00 00 00 8b c2 48 8b d7 48 8b f9 49 8b c8
0x00007ffdb56dcef9:   f3 aa 48 8b fa 49 8b c3 c3 66 66 66 66 66 66 0f
0x00007ffdb56dcf09:   1f 84 00 00 00 00 00 0f ba 25 08 53 00 00 01 72 



---------------  P R O C E S S  ---------------

Threads class SMR info:
_java_thread_list=0x0000006bebe39910, length=0, elements={
}

Java Threads: ( => current thread )

Other Threads:
  0x0000006bedbd0800 GCTaskThread "GC Thread#0" [stack: 0x0000006bf6110000,0x0000006bf6210000] [id=3952]
  0x0000006bedbed800 ConcurrentGCThread "G1 Main Marker" [stack: 0x0000006bf9040000,0x0000006bf9140000] [id=14256]
  0x0000006bedbf3000 ConcurrentGCThread "G1 Conc#0" [stack: 0x0000006bf9140000,0x0000006bf9240000] [id=14308]
  0x0000006bedc5e800 ConcurrentGCThread "G1 Refine#0" [stack: 0x0000006bfbad0000,0x0000006bfbbd0000] [id=16536]
  0x0000006bedc5f800 ConcurrentGCThread "G1 Young RemSet Sampling" [stack: 0x0000006bfbbd0000,0x0000006bfbcd0000] [id=16540]

=>0x0000006bedbbc000 (exited) JavaThread "Unknown thread" [_thread_in_vm, id=16064, stack(0x0000006bedab0000,0x0000006bedbb0000)]

Threads with active compile tasks:

VM state:not at safepoint (not fully initialized)

VM Mutex/Monitor currently owned by a thread:  ([mutex/lock_event])
[0x0000006bebf1d800] MetaspaceExpand_lock - owner thread: 0x0000006bedbbc000

Heap address: 0x00000000c1400000, size: 1004 MB, Compressed Oops mode: 32-bit
Narrow klass base: 0x0000000000000000, Narrow klass shift: 3

GC Heap History (0 events):
No events

Deoptimization events (0 events):
No events

Classes redefined (0 events):
No events

Internal exceptions (0 events):
No events

Events (0 events):
No events


Dynamic libraries:
0x00007ff7666f0000 - 0x00007ff766737000 	C:\Program Files\Java\jdk-11.0.2\bin\javaw.exe
0x00007ffdcc7a0000 - 0x00007ffdcc962000 	C:\Windows\SYSTEM32\ntdll.dll
0x00007ffdcc210000 - 0x00007ffdcc2bd000 	C:\Windows\system32\KERNEL32.DLL
0x00007ffdc9bc0000 - 0x00007ffdc9d9d000 	C:\Windows\system32\KERNELBASE.dll
0x00007ffdcb8e0000 - 0x00007ffdcb986000 	C:\Windows\system32\ADVAPI32.dll
0x00007ffdcb830000 - 0x00007ffdcb8cd000 	C:\Windows\system32\msvcrt.dll
0x00007ffdcc3a0000 - 0x00007ffdcc3fb000 	C:\Windows\system32\sechost.dll
0x00007ffdcb700000 - 0x00007ffdcb826000 	C:\Windows\system32\RPCRT4.dll
0x00007ffdcc0c0000 - 0x00007ffdcc20e000 	C:\Windows\system32\USER32.dll
0x00007ffdcc550000 - 0x00007ffdcc6d3000 	C:\Windows\system32\GDI32.dll
0x00007ffdc53b0000 - 0x00007ffdc53ba000 	C:\Windows\SYSTEM32\VERSION.dll
0x00007ffdb7ac0000 - 0x00007ffdb7d34000 	C:\Windows\WinSxS\amd64_microsoft.windows.common-controls_6595b64144ccf1df_6.0.10240.17184_none_f41d7a705752bce6\COMCTL32.dll
0x00007ffdcc750000 - 0x00007ffdcc786000 	C:\Windows\system32\IMM32.DLL
0x00007ffdcba00000 - 0x00007ffdcbb5c000 	C:\Windows\system32\MSCTF.dll
0x00007ffdb56d0000 - 0x00007ffdb56e6000 	C:\Program Files\Java\jdk-11.0.2\bin\vcruntime140.dll
0x0000006bed9b0000 - 0x0000006bedaa2000 	C:\Windows\SYSTEM32\ucrtbase.dll
0x00007ffd996e0000 - 0x00007ffd9978a000 	C:\Program Files\Java\jdk-11.0.2\bin\msvcp140.dll
0x00007ffd86730000 - 0x00007ffd87257000 	C:\Program Files\Java\jdk-11.0.2\bin\server\jvm.dll
0x00007ffdc9e60000 - 0x00007ffdc9e68000 	C:\Windows\system32\PSAPI.DLL
0x00007ffdc3e30000 - 0x00007ffdc3e39000 	C:\Windows\SYSTEM32\WSOCK32.dll
0x00007ffdc7350000 - 0x00007ffdc7373000 	C:\Windows\SYSTEM32\WINMM.dll
0x00007ffdcc6e0000 - 0x00007ffdcc749000 	C:\Windows\system32\WS2_32.dll
0x00007ffdc72f0000 - 0x00007ffdc731c000 	C:\Windows\SYSTEM32\winmmbase.dll
0x00007ffdc9260000 - 0x00007ffdc92a4000 	C:\Windows\system32\cfgmgr32.dll
0x00007ffdcb8d0000 - 0x00007ffdcb8d8000 	C:\Windows\system32\NSI.dll
0x00007ffdc7b40000 - 0x00007ffdc7b67000 	C:\Windows\SYSTEM32\DEVOBJ.dll
0x00007ffdc9230000 - 0x00007ffdc923f000 	C:\Windows\system32\kernel.appcore.dll
0x00007ffdb53c0000 - 0x00007ffdb53d1000 	C:\Program Files\Java\jdk-11.0.2\bin\verify.dll
0x00007ffdc5c30000 - 0x00007ffdc5dba000 	C:\Windows\SYSTEM32\DBGHELP.DLL
0x00007ffdc5320000 - 0x00007ffdc5345000 	C:\Windows\SYSTEM32\dbgcore.DLL
0x00007ffdb5390000 - 0x00007ffdb53b9000 	C:\Program Files\Java\jdk-11.0.2\bin\java.dll
0x00007ffda64f0000 - 0x00007ffda6506000 	C:\Program Files\Java\jdk-11.0.2\bin\zip.dll
0x00007ffdbb490000 - 0x00007ffdbb49a000 	C:\Program Files\Java\jdk-11.0.2\bin\jimage.dll

dbghelp: loaded successfully - version: 4.0.5 - missing functions: none
symbol engine: initialized successfully - sym options: 0x614 - pdb path: .;C:\Program Files\Java\jdk-11.0.2\bin;C:\Windows\SYSTEM32;C:\Windows\WinSxS\amd64_microsoft.windows.common-controls_6595b64144ccf1df_6.0.10240.17184_none_f41d7a705752bce6;C:\Program Files\Java\jdk-11.0.2\bin\server

VM Arguments:
java_command: C:\Users\User\Documents\NetBeansProjects\FinalProject\dist\FinalProject.jar
java_class_path (initial): C:\Users\User\Documents\NetBeansProjects\FinalProject\dist\FinalProject.jar
Launcher Type: SUN_STANDARD

[Global flags]
     intx CICompilerCount                          = 4                                         {product} {ergonomic}
     uint ConcGCThreads                            = 2                                         {product} {ergonomic}
     uint G1ConcRefinementThreads                  = 8                                         {product} {ergonomic}
   size_t G1HeapRegionSize                         = 1048576                                   {product} {ergonomic}
    uintx GCDrainStackTargetSize                   = 64                                        {product} {ergonomic}
   size_t InitialHeapSize                          = 67108864                                  {product} {ergonomic}
   size_t MarkStackSize                            = 4194304                                   {product} {ergonomic}
   size_t MaxHeapSize                              = 1052770304                                {product} {ergonomic}
   size_t MaxNewSize                               = 631242752                                 {product} {ergonomic}
   size_t MinHeapDeltaBytes                        = 1048576                                   {product} {ergonomic}
    uintx NonNMethodCodeHeapSize                   = 5835340                                {pd product} {ergonomic}
    uintx NonProfiledCodeHeapSize                  = 122911450                              {pd product} {ergonomic}
    uintx ProfiledCodeHeapSize                     = 122911450                              {pd product} {ergonomic}
    uintx ReservedCodeCacheSize                    = 251658240                              {pd product} {ergonomic}
     bool SegmentedCodeCache                       = true                                      {product} {ergonomic}
     bool UseCompressedClassPointers               = true                                 {lp64_product} {ergonomic}
     bool UseCompressedOops                        = true                                 {lp64_product} {ergonomic}
     bool UseG1GC                                  = true                                      {product} {ergonomic}
     bool UseLargePagesIndividualAllocation        = false                                  {pd product} {ergonomic}

Logging:
Log output configuration:
 #0: stdout all=warning uptime,level,tags
 #1: stderr all=off uptime,level,tags

Environment Variables:
PATH=F:\app\User\product\11.2.0\dbhome_2\bin;F:\app\User\product\11.2.0\dbhome_1\bin;C:\Program Files (x86)\Common Files\Oracle\Java\javapath;C:\Windows\system32;C:\Windows;C:\Windows\System32\Wbem;C:\Windows\System32\WindowsPowerShell\v1.0\;C:\Program Files (x86)\Java\jdk1.8.0_181\bin;C:\Program Files (x86)\Java\jre1.8.0_181\bin;C:\Program Files\Git\cmd;C:\Program Files\Microsoft SQL Server\130\Tools\Binn\;C:\Users\User\AppData\Local\Programs\Python\Python38-32\Scripts\;C:\Users\User\AppData\Local\Programs\Python\Python38-32\;C:\Program Files\JetBrains\PyCharm Community Edition 2019.2.4\bin;;E:\New folder (23)\Microsoft VS Code\bin
USERNAME=User
OS=Windows_NT
PROCESSOR_IDENTIFIER=Intel64 Family 6 Model 142 Stepping 10, GenuineIntel



---------------  S Y S T E M  ---------------

OS: Windows 10 , 64 bit Build 10240 (10.0.10240.17113)

CPU:total 8 (initial active 8) (4 cores per cpu, 2 threads per core) family 6 model 142 stepping 10, cmov, cx8, fxsr, mmx, sse, sse2, sse3, ssse3, sse4.1, sse4.2, popcnt, avx, avx2, aes, clmul, erms, 3dnowpref, lzcnt, ht, tsc, tscinvbit, bmi1, bmi2, adx, fma

Memory: 4k page, system-wide physical 4011M (44M free)
TotalPageFile size 16299M (AvailPageFile size 689M)
current process WorkingSet (physical memory assigned to process): 11M, peak: 11M
current process commit charge ("private bytes"): 126M, peak: 126M

vm_info: Java HotSpot(TM) 64-Bit Server VM (11.0.2+9-LTS) for windows-amd64 JRE (11.0.2+9-LTS), built on Jan 18 2019 05:24:10 by "mach5one" with MS VC++ 15.5 (VS2017)

END.
